2025-12-17 13:02:28.353 [main] INFO  m.d.c.i.IdentificationIndexServiceApplication - Starting IdentificationIndexServiceApplication using Java 21.0.6 with PID 25576 (C:\Users\dahiyaax\intellij-cch-workspace\identification-index-service\target\classes started by dahiyaax in C:\Users\dahiyaax\intellij-cch-workspace\identification-index-service)
2025-12-17 13:02:28.356 [main] INFO  m.d.c.i.IdentificationIndexServiceApplication - The following 1 profile is active: "local"
2025-12-17 13:02:28.563 [background-preinit] INFO  o.h.validator.internal.util.Version - HV000001: Hibernate Validator 9.0.1.Final
2025-12-17 13:02:29.011 [main] INFO  o.s.d.r.c.RepositoryConfigurationDelegate - Multiple Spring Data modules found, entering strict repository configuration mode
2025-12-17 13:02:29.013 [main] INFO  o.s.d.r.c.RepositoryConfigurationDelegate - Bootstrapping Spring Data JPA repositories in DEFAULT mode.
2025-12-17 13:02:29.097 [main] INFO  o.s.d.r.c.RepositoryConfigurationDelegate - Finished Spring Data repository scanning in 76 ms. Found 15 JPA repository interfaces.
2025-12-17 13:02:29.105 [main] INFO  o.s.d.r.c.RepositoryConfigurationDelegate - Multiple Spring Data modules found, entering strict repository configuration mode
2025-12-17 13:02:29.106 [main] INFO  o.s.d.r.c.RepositoryConfigurationDelegate - Bootstrapping Spring Data LDAP repositories in DEFAULT mode.
2025-12-17 13:02:29.114 [main] INFO  o.s.d.r.c.RepositoryConfigurationExtensionSupport - Spring Data LDAP - Could not safely identify store assignment for repository candidate interface md.dpscs.cch.iis.repository.AuditLogRepository; If you want this repository to be a LDAP repository, consider annotating your entities with one of these annotations: org.springframework.ldap.odm.annotations.Entry (preferred), or consider extending one of the following types with your repository: org.springframework.data.ldap.repository.LdapRepository
2025-12-17 13:02:29.114 [main] INFO  o.s.d.r.c.RepositoryConfigurationExtensionSupport - Spring Data LDAP - Could not safely identify store assignment for repository candidate interface md.dpscs.cch.iis.repository.CautionCodeRepository; If you want this repository to be a LDAP repository, consider annotating your entities with one of these annotations: org.springframework.ldap.odm.annotations.Entry (preferred), or consider extending one of the following types with your repository: org.springframework.data.ldap.repository.LdapRepository
2025-12-17 13:02:29.115 [main] INFO  o.s.d.r.c.RepositoryConfigurationExtensionSupport - Spring Data LDAP - Could not safely identify store assignment for repository candidate interface md.dpscs.cch.iis.repository.CountryCodeRepository; If you want this repository to be a LDAP repository, consider annotating your entities with one of these annotations: org.springframework.ldap.odm.annotations.Entry (preferred), or consider extending one of the following types with your repository: org.springframework.data.ldap.repository.LdapRepository
2025-12-17 13:02:29.115 [main] INFO  o.s.d.r.c.RepositoryConfigurationExtensionSupport - Spring Data LDAP - Could not safely identify store assignment for repository candidate interface md.dpscs.cch.iis.repository.IdentAddressRepository; If you want this repository to be a LDAP repository, consider annotating your entities with one of these annotations: org.springframework.ldap.odm.annotations.Entry (preferred), or consider extending one of the following types with your repository: org.springframework.data.ldap.repository.LdapRepository
2025-12-17 13:02:29.115 [main] INFO  o.s.d.r.c.RepositoryConfigurationExtensionSupport - Spring Data LDAP - Could not safely identify store assignment for repository candidate interface md.dpscs.cch.iis.repository.IdentDLRepository; If you want this repository to be a LDAP repository, consider annotating your entities with one of these annotations: org.springframework.ldap.odm.annotations.Entry (preferred), or consider extending one of the following types with your repository: org.springframework.data.ldap.repository.LdapRepository
2025-12-17 13:02:29.115 [main] INFO  o.s.d.r.c.RepositoryConfigurationExtensionSupport - Spring Data LDAP - Could not safely identify store assignment for repository candidate interface md.dpscs.cch.iis.repository.IdentDobAliasRepository; If you want this repository to be a LDAP repository, consider annotating your entities with one of these annotations: org.springframework.ldap.odm.annotations.Entry (preferred), or consider extending one of the following types with your repository: org.springframework.data.ldap.repository.LdapRepository
2025-12-17 13:02:29.115 [main] INFO  o.s.d.r.c.RepositoryConfigurationExtensionSupport - Spring Data LDAP - Could not safely identify store assignment for repository candidate interface md.dpscs.cch.iis.repository.IdentDocumentRepository; If you want this repository to be a LDAP repository, consider annotating your entities with one of these annotations: org.springframework.ldap.odm.annotations.Entry (preferred), or consider extending one of the following types with your repository: org.springframework.data.ldap.repository.LdapRepository
2025-12-17 13:02:29.115 [main] INFO  o.s.d.r.c.RepositoryConfigurationExtensionSupport - Spring Data LDAP - Could not safely identify store assignment for repository candidate interface md.dpscs.cch.iis.repository.IdentFlagRepository; If you want this repository to be a LDAP repository, consider annotating your entities with one of these annotations: org.springframework.ldap.odm.annotations.Entry (preferred), or consider extending one of the following types with your repository: org.springframework.data.ldap.repository.LdapRepository
2025-12-17 13:02:29.115 [main] INFO  o.s.d.r.c.RepositoryConfigurationExtensionSupport - Spring Data LDAP - Could not safely identify store assignment for repository candidate interface md.dpscs.cch.iis.repository.IdentHenryFPRepository; If you want this repository to be a LDAP repository, consider annotating your entities with one of these annotations: org.springframework.ldap.odm.annotations.Entry (preferred), or consider extending one of the following types with your repository: org.springframework.data.ldap.repository.LdapRepository
2025-12-17 13:02:29.116 [main] INFO  o.s.d.r.c.RepositoryConfigurationExtensionSupport - Spring Data LDAP - Could not safely identify store assignment for repository candidate interface md.dpscs.cch.iis.repository.IdentMasterRepository; If you want this repository to be a LDAP repository, consider annotating your entities with one of these annotations: org.springframework.ldap.odm.annotations.Entry (preferred), or consider extending one of the following types with your repository: org.springframework.data.ldap.repository.LdapRepository
2025-12-17 13:02:29.116 [main] INFO  o.s.d.r.c.RepositoryConfigurationExtensionSupport - Spring Data LDAP - Could not safely identify store assignment for repository candidate interface md.dpscs.cch.iis.repository.IdentMiscNumRepository; If you want this repository to be a LDAP repository, consider annotating your entities with one of these annotations: org.springframework.ldap.odm.annotations.Entry (preferred), or consider extending one of the following types with your repository: org.springframework.data.ldap.repository.LdapRepository
2025-12-17 13:02:29.116 [main] INFO  o.s.d.r.c.RepositoryConfigurationExtensionSupport - Spring Data LDAP - Could not safely identify store assignment for repository candidate interface md.dpscs.cch.iis.repository.IdentNameRepository; If you want this repository to be a LDAP repository, consider annotating your entities with one of these annotations: org.springframework.ldap.odm.annotations.Entry (preferred), or consider extending one of the following types with your repository: org.springframework.data.ldap.repository.LdapRepository
2025-12-17 13:02:29.116 [main] INFO  o.s.d.r.c.RepositoryConfigurationExtensionSupport - Spring Data LDAP - Could not safely identify store assignment for repository candidate interface md.dpscs.cch.iis.repository.IdentNcicFPRepository; If you want this repository to be a LDAP repository, consider annotating your entities with one of these annotations: org.springframework.ldap.odm.annotations.Entry (preferred), or consider extending one of the following types with your repository: org.springframework.data.ldap.repository.LdapRepository
2025-12-17 13:02:29.116 [main] INFO  o.s.d.r.c.RepositoryConfigurationExtensionSupport - Spring Data LDAP - Could not safely identify store assignment for repository candidate interface md.dpscs.cch.iis.repository.IdentScarsMarksRepository; If you want this repository to be a LDAP repository, consider annotating your entities with one of these annotations: org.springframework.ldap.odm.annotations.Entry (preferred), or consider extending one of the following types with your repository: org.springframework.data.ldap.repository.LdapRepository
2025-12-17 13:02:29.116 [main] INFO  o.s.d.r.c.RepositoryConfigurationExtensionSupport - Spring Data LDAP - Could not safely identify store assignment for repository candidate interface md.dpscs.cch.iis.repository.IdentSSNRepository; If you want this repository to be a LDAP repository, consider annotating your entities with one of these annotations: org.springframework.ldap.odm.annotations.Entry (preferred), or consider extending one of the following types with your repository: org.springframework.data.ldap.repository.LdapRepository
2025-12-17 13:02:29.116 [main] INFO  o.s.d.r.c.RepositoryConfigurationDelegate - Finished Spring Data repository scanning in 10 ms. Found 0 LDAP repository interfaces.
2025-12-17 13:02:29.719 [main] INFO  o.s.boot.tomcat.TomcatWebServer - Tomcat initialized with port 8081 (http)
2025-12-17 13:02:29.736 [main] INFO  o.a.coyote.http11.Http11NioProtocol - Initializing ProtocolHandler ["http-nio-8081"]
2025-12-17 13:02:29.739 [main] INFO  o.a.catalina.core.StandardService - Starting service [Tomcat]
2025-12-17 13:02:29.739 [main] INFO  o.a.catalina.core.StandardEngine - Starting Servlet engine: [Apache Tomcat/11.0.14]
2025-12-17 13:02:29.797 [main] INFO  o.s.b.w.c.s.WebApplicationContextInitializer - Root WebApplicationContext: initialization completed in 1401 ms
2025-12-17 13:02:30.108 [main] INFO  o.h.jpa.internal.util.LogHelper - HHH000204: Processing PersistenceUnitInfo [name: default]
2025-12-17 13:02:30.163 [main] INFO  org.hibernate.Version - HHH000412: Hibernate ORM core version 7.1.8.Final
2025-12-17 13:02:30.537 [main] INFO  o.s.o.j.p.SpringPersistenceUnitInfo - No LoadTimeWeaver setup: ignoring JPA class transformer
2025-12-17 13:02:30.565 [main] INFO  com.zaxxer.hikari.HikariDataSource - HikariPool-1 - Starting...
2025-12-17 13:02:30.884 [main] INFO  com.zaxxer.hikari.pool.HikariPool - HikariPool-1 - Added connection ConnectionID:1 ClientConnectionId: 7a8ab681-92ae-479f-99d8-1128fac9e70e
2025-12-17 13:02:30.885 [main] INFO  com.zaxxer.hikari.HikariDataSource - HikariPool-1 - Start completed.
2025-12-17 13:02:30.967 [main] INFO  o.hibernate.orm.connections.pooling - HHH10001005: Database info:
	Database JDBC URL [jdbc:sqlserver://sql22dev01:1433;concatNullYieldsNull=ON;quotedIdentifier=ON;connectRetryInterval=10;connectRetryCount=1;maxResultBuffer=-1;sendTemporalDataTypesAsStringForBulkCopy=true;delayLoadingLobs=true;useFmtOnly=false;vectorTypeSupport=v1;cacheBulkCopyMetadata=false;bulkCopyForBatchInsertAllowEncryptedValueModifications=false;bulkCopyForBatchInsertTableLock=false;bulkCopyForBatchInsertKeepNulls=false;bulkCopyForBatchInsertKeepIdentity=false;bulkCopyForBatchInsertFireTriggers=false;bulkCopyForBatchInsertCheckConstraints=false;bulkCopyForBatchInsertBatchSize=0;useBulkCopyForBatchInsert=false;cancelQueryTimeout=-1;sslProtocol=TLS;calcBigDecimalPrecision=false;useDefaultJaasConfig=false;jaasConfigurationName=SQLJDBCDriver;statementPoolingCacheSize=0;serverPreparedStatementDiscardThreshold=10;enablePrepareOnFirstPreparedStatementCall=false;fips=false;socketTimeout=0;authentication=NotSpecified;authenticationScheme=nativeAuthentication;xopenStates=false;datetimeParameterType=datetime2;sendTimeAsDatetime=true;replication=false;trustStoreType=JKS;trustServerCertificate=true;TransparentNetworkIPResolution=true;iPAddressPreference=IPv4First;serverNameAsACE=false;sendStringParametersAsUnicode=true;selectMethod=direct;responseBuffering=adaptive;queryTimeout=-1;packetSize=8000;multiSubnetFailover=false;loginTimeout=30;lockTimeout=-1;lastUpdateCount=true;useDefaultGSSCredential=false;prepareMethod=prepexec;encrypt=true;disableStatementPooling=true;databaseName=CCH_IDENT_INDEX;columnEncryptionSetting=Disabled;applicationName=Microsoft JDBC Driver for SQL Server;applicationIntent=readwrite;]
	Database driver: Microsoft JDBC Driver 13.2 for SQL Server
	Database dialect: SQLServerDialect
	Database version: 16.0
	Default catalog/schema: CCH_IDENT_INDEX/dbo
	Autocommit mode: undefined/unknown
	Isolation level: READ_COMMITTED [default READ_COMMITTED]
	JDBC fetch size: 128
	Pool: DatasourceConnectionProviderImpl
	Minimum pool size: undefined/unknown
	Maximum pool size: undefined/unknown
2025-12-17 13:02:31.883 [main] INFO  o.h.e.t.j.p.i.JtaPlatformInitiator - HHH000489: No JTA platform available (set 'hibernate.transaction.jta.platform' to enable JTA platform integration)
2025-12-17 13:02:32.026 [main] INFO  o.s.o.j.LocalContainerEntityManagerFactoryBean - Initialized JPA EntityManagerFactory for persistence unit 'default'
2025-12-17 13:02:32.122 [main] INFO  o.s.d.j.r.q.QueryEnhancerFactories - Hibernate is in classpath; If applicable, HQL parser will be used.
2025-12-17 13:02:32.252 [main] WARN  o.s.b.j.a.JpaBaseConfiguration$JpaWebConfiguration - spring.jpa.open-in-view is enabled by default. Therefore, database queries may be performed during view rendering. Explicitly configure spring.jpa.open-in-view to disable this warning
2025-12-17 13:02:32.341 [main] INFO  o.s.s.c.a.a.c.InitializeUserDetailsBeanManagerConfigurer$InitializeUserDetailsManagerConfigurer - Global AuthenticationManager configured with UserDetailsService bean with name userDetailsService
2025-12-17 13:02:33.564 [main] INFO  o.s.l.c.s.AbstractContextSource - Property 'userDn' not set - anonymous context will be used for read-only operations
2025-12-17 13:02:33.595 [main] INFO  o.a.coyote.http11.Http11NioProtocol - Starting ProtocolHandler ["http-nio-8081"]
2025-12-17 13:02:33.615 [main] INFO  o.s.boot.tomcat.TomcatWebServer - Tomcat started on port 8081 (http) with context path '/'
2025-12-17 13:02:33.619 [main] INFO  m.d.c.i.IdentificationIndexServiceApplication - Started IdentificationIndexServiceApplication in 5.733 seconds (process running for 6.242)
2025-12-17 13:03:17.251 [SpringApplicationShutdownHook] INFO  o.s.boot.tomcat.GracefulShutdown - Commencing graceful shutdown. Waiting for active requests to complete
2025-12-17 13:03:17.251 [tomcat-shutdown] INFO  o.s.boot.tomcat.GracefulShutdown - Graceful shutdown complete
2025-12-17 13:03:17.267 [SpringApplicationShutdownHook] INFO  o.s.o.j.LocalContainerEntityManagerFactoryBean - Closing JPA EntityManagerFactory for persistence unit 'default'
2025-12-17 13:03:17.267 [SpringApplicationShutdownHook] INFO  com.zaxxer.hikari.HikariDataSource - HikariPool-1 - Shutdown initiated...
2025-12-17 13:03:17.267 [SpringApplicationShutdownHook] INFO  com.zaxxer.hikari.HikariDataSource - HikariPool-1 - Shutdown completed.
2025-12-17 13:04:21.095 [main] INFO  m.d.c.i.IdentificationIndexServiceApplicationTests - Starting IdentificationIndexServiceApplicationTests using Java 21.0.6 with PID 4768 (started by dahiyaax in C:\Users\dahiyaax\intellij-cch-workspace\identification-index-service)
2025-12-17 13:04:21.095 [main] INFO  m.d.c.i.IdentificationIndexServiceApplicationTests - The following 1 profile is active: "local"
2025-12-17 13:04:21.418 [background-preinit] INFO  o.h.validator.internal.util.Version - HV000001: Hibernate Validator 9.0.1.Final
2025-12-17 13:04:21.800 [main] INFO  o.s.d.r.c.RepositoryConfigurationDelegate - Multiple Spring Data modules found, entering strict repository configuration mode
2025-12-17 13:04:21.800 [main] INFO  o.s.d.r.c.RepositoryConfigurationDelegate - Bootstrapping Spring Data JPA repositories in DEFAULT mode.
2025-12-17 13:04:21.895 [main] INFO  o.s.d.r.c.RepositoryConfigurationDelegate - Finished Spring Data repository scanning in 91 ms. Found 15 JPA repository interfaces.
2025-12-17 13:04:21.895 [main] INFO  o.s.d.r.c.RepositoryConfigurationDelegate - Multiple Spring Data modules found, entering strict repository configuration mode
2025-12-17 13:04:21.895 [main] INFO  o.s.d.r.c.RepositoryConfigurationDelegate - Bootstrapping Spring Data LDAP repositories in DEFAULT mode.
2025-12-17 13:04:21.907 [main] INFO  o.s.d.r.c.RepositoryConfigurationExtensionSupport - Spring Data LDAP - Could not safely identify store assignment for repository candidate interface md.dpscs.cch.iis.repository.AuditLogRepository; If you want this repository to be a LDAP repository, consider annotating your entities with one of these annotations: org.springframework.ldap.odm.annotations.Entry (preferred), or consider extending one of the following types with your repository: org.springframework.data.ldap.repository.LdapRepository
2025-12-17 13:04:21.907 [main] INFO  o.s.d.r.c.RepositoryConfigurationExtensionSupport - Spring Data LDAP - Could not safely identify store assignment for repository candidate interface md.dpscs.cch.iis.repository.CautionCodeRepository; If you want this repository to be a LDAP repository, consider annotating your entities with one of these annotations: org.springframework.ldap.odm.annotations.Entry (preferred), or consider extending one of the following types with your repository: org.springframework.data.ldap.repository.LdapRepository
2025-12-17 13:04:21.907 [main] INFO  o.s.d.r.c.RepositoryConfigurationExtensionSupport - Spring Data LDAP - Could not safely identify store assignment for repository candidate interface md.dpscs.cch.iis.repository.CountryCodeRepository; If you want this repository to be a LDAP repository, consider annotating your entities with one of these annotations: org.springframework.ldap.odm.annotations.Entry (preferred), or consider extending one of the following types with your repository: org.springframework.data.ldap.repository.LdapRepository
2025-12-17 13:04:21.907 [main] INFO  o.s.d.r.c.RepositoryConfigurationExtensionSupport - Spring Data LDAP - Could not safely identify store assignment for repository candidate interface md.dpscs.cch.iis.repository.IdentAddressRepository; If you want this repository to be a LDAP repository, consider annotating your entities with one of these annotations: org.springframework.ldap.odm.annotations.Entry (preferred), or consider extending one of the following types with your repository: org.springframework.data.ldap.repository.LdapRepository
2025-12-17 13:04:21.907 [main] INFO  o.s.d.r.c.RepositoryConfigurationExtensionSupport - Spring Data LDAP - Could not safely identify store assignment for repository candidate interface md.dpscs.cch.iis.repository.IdentDLRepository; If you want this repository to be a LDAP repository, consider annotating your entities with one of these annotations: org.springframework.ldap.odm.annotations.Entry (preferred), or consider extending one of the following types with your repository: org.springframework.data.ldap.repository.LdapRepository
2025-12-17 13:04:21.907 [main] INFO  o.s.d.r.c.RepositoryConfigurationExtensionSupport - Spring Data LDAP - Could not safely identify store assignment for repository candidate interface md.dpscs.cch.iis.repository.IdentDobAliasRepository; If you want this repository to be a LDAP repository, consider annotating your entities with one of these annotations: org.springframework.ldap.odm.annotations.Entry (preferred), or consider extending one of the following types with your repository: org.springframework.data.ldap.repository.LdapRepository
2025-12-17 13:04:21.907 [main] INFO  o.s.d.r.c.RepositoryConfigurationExtensionSupport - Spring Data LDAP - Could not safely identify store assignment for repository candidate interface md.dpscs.cch.iis.repository.IdentDocumentRepository; If you want this repository to be a LDAP repository, consider annotating your entities with one of these annotations: org.springframework.ldap.odm.annotations.Entry (preferred), or consider extending one of the following types with your repository: org.springframework.data.ldap.repository.LdapRepository
2025-12-17 13:04:21.907 [main] INFO  o.s.d.r.c.RepositoryConfigurationExtensionSupport - Spring Data LDAP - Could not safely identify store assignment for repository candidate interface md.dpscs.cch.iis.repository.IdentFlagRepository; If you want this repository to be a LDAP repository, consider annotating your entities with one of these annotations: org.springframework.ldap.odm.annotations.Entry (preferred), or consider extending one of the following types with your repository: org.springframework.data.ldap.repository.LdapRepository
2025-12-17 13:04:21.907 [main] INFO  o.s.d.r.c.RepositoryConfigurationExtensionSupport - Spring Data LDAP - Could not safely identify store assignment for repository candidate interface md.dpscs.cch.iis.repository.IdentHenryFPRepository; If you want this repository to be a LDAP repository, consider annotating your entities with one of these annotations: org.springframework.ldap.odm.annotations.Entry (preferred), or consider extending one of the following types with your repository: org.springframework.data.ldap.repository.LdapRepository
2025-12-17 13:04:21.907 [main] INFO  o.s.d.r.c.RepositoryConfigurationExtensionSupport - Spring Data LDAP - Could not safely identify store assignment for repository candidate interface md.dpscs.cch.iis.repository.IdentMasterRepository; If you want this repository to be a LDAP repository, consider annotating your entities with one of these annotations: org.springframework.ldap.odm.annotations.Entry (preferred), or consider extending one of the following types with your repository: org.springframework.data.ldap.repository.LdapRepository
2025-12-17 13:04:21.907 [main] INFO  o.s.d.r.c.RepositoryConfigurationExtensionSupport - Spring Data LDAP - Could not safely identify store assignment for repository candidate interface md.dpscs.cch.iis.repository.IdentMiscNumRepository; If you want this repository to be a LDAP repository, consider annotating your entities with one of these annotations: org.springframework.ldap.odm.annotations.Entry (preferred), or consider extending one of the following types with your repository: org.springframework.data.ldap.repository.LdapRepository
2025-12-17 13:04:21.907 [main] INFO  o.s.d.r.c.RepositoryConfigurationExtensionSupport - Spring Data LDAP - Could not safely identify store assignment for repository candidate interface md.dpscs.cch.iis.repository.IdentNameRepository; If you want this repository to be a LDAP repository, consider annotating your entities with one of these annotations: org.springframework.ldap.odm.annotations.Entry (preferred), or consider extending one of the following types with your repository: org.springframework.data.ldap.repository.LdapRepository
2025-12-17 13:04:21.907 [main] INFO  o.s.d.r.c.RepositoryConfigurationExtensionSupport - Spring Data LDAP - Could not safely identify store assignment for repository candidate interface md.dpscs.cch.iis.repository.IdentNcicFPRepository; If you want this repository to be a LDAP repository, consider annotating your entities with one of these annotations: org.springframework.ldap.odm.annotations.Entry (preferred), or consider extending one of the following types with your repository: org.springframework.data.ldap.repository.LdapRepository
2025-12-17 13:04:21.907 [main] INFO  o.s.d.r.c.RepositoryConfigurationExtensionSupport - Spring Data LDAP - Could not safely identify store assignment for repository candidate interface md.dpscs.cch.iis.repository.IdentScarsMarksRepository; If you want this repository to be a LDAP repository, consider annotating your entities with one of these annotations: org.springframework.ldap.odm.annotations.Entry (preferred), or consider extending one of the following types with your repository: org.springframework.data.ldap.repository.LdapRepository
2025-12-17 13:04:21.907 [main] INFO  o.s.d.r.c.RepositoryConfigurationExtensionSupport - Spring Data LDAP - Could not safely identify store assignment for repository candidate interface md.dpscs.cch.iis.repository.IdentSSNRepository; If you want this repository to be a LDAP repository, consider annotating your entities with one of these annotations: org.springframework.ldap.odm.annotations.Entry (preferred), or consider extending one of the following types with your repository: org.springframework.data.ldap.repository.LdapRepository
2025-12-17 13:04:21.907 [main] INFO  o.s.d.r.c.RepositoryConfigurationDelegate - Finished Spring Data repository scanning in 10 ms. Found 0 LDAP repository interfaces.
2025-12-17 13:04:22.492 [main] INFO  o.h.jpa.internal.util.LogHelper - HHH000204: Processing PersistenceUnitInfo [name: default]
2025-12-17 13:04:22.542 [main] INFO  org.hibernate.Version - HHH000412: Hibernate ORM core version 7.1.8.Final
2025-12-17 13:04:22.936 [main] INFO  o.s.o.j.p.SpringPersistenceUnitInfo - No LoadTimeWeaver setup: ignoring JPA class transformer
2025-12-17 13:04:22.952 [main] INFO  com.zaxxer.hikari.HikariDataSource - HikariPool-1 - Starting...
2025-12-17 13:04:23.224 [main] INFO  com.zaxxer.hikari.pool.HikariPool - HikariPool-1 - Added connection ConnectionID:1 ClientConnectionId: b6a89174-124e-4fb9-ad09-9d74942a5813
2025-12-17 13:04:23.224 [main] INFO  com.zaxxer.hikari.HikariDataSource - HikariPool-1 - Start completed.
2025-12-17 13:04:23.287 [main] INFO  o.hibernate.orm.connections.pooling - HHH10001005: Database info:
	Database JDBC URL [jdbc:sqlserver://sql22dev01:1433;concatNullYieldsNull=ON;quotedIdentifier=ON;connectRetryInterval=10;connectRetryCount=1;maxResultBuffer=-1;sendTemporalDataTypesAsStringForBulkCopy=true;delayLoadingLobs=true;useFmtOnly=false;vectorTypeSupport=v1;cacheBulkCopyMetadata=false;bulkCopyForBatchInsertAllowEncryptedValueModifications=false;bulkCopyForBatchInsertTableLock=false;bulkCopyForBatchInsertKeepNulls=false;bulkCopyForBatchInsertKeepIdentity=false;bulkCopyForBatchInsertFireTriggers=false;bulkCopyForBatchInsertCheckConstraints=false;bulkCopyForBatchInsertBatchSize=0;useBulkCopyForBatchInsert=false;cancelQueryTimeout=-1;sslProtocol=TLS;calcBigDecimalPrecision=false;useDefaultJaasConfig=false;jaasConfigurationName=SQLJDBCDriver;statementPoolingCacheSize=0;serverPreparedStatementDiscardThreshold=10;enablePrepareOnFirstPreparedStatementCall=false;fips=false;socketTimeout=0;authentication=NotSpecified;authenticationScheme=nativeAuthentication;xopenStates=false;datetimeParameterType=datetime2;sendTimeAsDatetime=true;replication=false;trustStoreType=JKS;trustServerCertificate=true;TransparentNetworkIPResolution=true;iPAddressPreference=IPv4First;serverNameAsACE=false;sendStringParametersAsUnicode=true;selectMethod=direct;responseBuffering=adaptive;queryTimeout=-1;packetSize=8000;multiSubnetFailover=false;loginTimeout=30;lockTimeout=-1;lastUpdateCount=true;useDefaultGSSCredential=false;prepareMethod=prepexec;encrypt=true;disableStatementPooling=true;databaseName=CCH_IDENT_INDEX;columnEncryptionSetting=Disabled;applicationName=Microsoft JDBC Driver for SQL Server;applicationIntent=readwrite;]
	Database driver: Microsoft JDBC Driver 13.2 for SQL Server
	Database dialect: SQLServerDialect
	Database version: 16.0
	Default catalog/schema: CCH_IDENT_INDEX/dbo
	Autocommit mode: undefined/unknown
	Isolation level: READ_COMMITTED [default READ_COMMITTED]
	JDBC fetch size: 128
	Pool: DatasourceConnectionProviderImpl
	Minimum pool size: undefined/unknown
	Maximum pool size: undefined/unknown
2025-12-17 13:04:24.204 [main] INFO  o.h.e.t.j.p.i.JtaPlatformInitiator - HHH000489: No JTA platform available (set 'hibernate.transaction.jta.platform' to enable JTA platform integration)
2025-12-17 13:04:24.332 [main] INFO  o.s.o.j.LocalContainerEntityManagerFactoryBean - Initialized JPA EntityManagerFactory for persistence unit 'default'
2025-12-17 13:04:24.526 [main] INFO  o.s.d.j.r.q.QueryEnhancerFactories - Hibernate is in classpath; If applicable, HQL parser will be used.
2025-12-17 13:04:24.665 [main] WARN  o.s.b.j.a.JpaBaseConfiguration$JpaWebConfiguration - spring.jpa.open-in-view is enabled by default. Therefore, database queries may be performed during view rendering. Explicitly configure spring.jpa.open-in-view to disable this warning
2025-12-17 13:04:24.790 [main] INFO  o.s.s.c.a.a.c.InitializeUserDetailsBeanManagerConfigurer$InitializeUserDetailsManagerConfigurer - Global AuthenticationManager configured with UserDetailsService bean with name userDetailsService
2025-12-17 13:04:26.125 [main] INFO  o.s.l.c.s.AbstractContextSource - Property 'userDn' not set - anonymous context will be used for read-only operations
2025-12-17 13:04:26.199 [main] INFO  m.d.c.i.IdentificationIndexServiceApplicationTests - Started IdentificationIndexServiceApplicationTests in 5.371 seconds (process running for 6.263)
2025-12-17 13:04:26.646 [SpringApplicationShutdownHook] INFO  o.s.o.j.LocalContainerEntityManagerFactoryBean - Closing JPA EntityManagerFactory for persistence unit 'default'
2025-12-17 13:04:26.664 [SpringApplicationShutdownHook] INFO  com.zaxxer.hikari.HikariDataSource - HikariPool-1 - Shutdown initiated...
2025-12-17 13:04:26.664 [SpringApplicationShutdownHook] INFO  com.zaxxer.hikari.HikariDataSource - HikariPool-1 - Shutdown completed.
